::1 - - [21/Apr/2021:09:43:42 +0000] "GET /api/v1/product HTTP/1.1" 200 50 "-" "PostmanRuntime/7.26.8"
::1 - - [22/Jul/2021:15:57:20 +0000] "POST /api/v1/category HTTP/1.1" 404 155 "-" "PostmanRuntime/7.26.8"
::1 - - [22/Jul/2021:15:57:31 +0000] "POST /api/v1/category/add HTTP/1.1" 500 2621 "-" "PostmanRuntime/7.26.8"
::1 - - [22/Jul/2021:16:00:47 +0000] "POST /api/v1/category/add HTTP/1.1" 200 98 "-" "PostmanRuntime/7.26.8"
::1 - - [22/Jul/2021:16:03:28 +0000] "GET /api/v1/category HTTP/1.1" 200 286 "-" "PostmanRuntime/7.26.8"
::1 - - [22/Jul/2021:16:04:42 +0000] "GET /api/v1/category/60f9962e5c22d64df051c5b2 HTTP/1.1" 200 98 "-" "PostmanRuntime/7.26.8"
::1 - - [22/Jul/2021:16:05:00 +0000] "GET /api/v1/category/ HTTP/1.1" 200 286 "-" "PostmanRuntime/7.26.8"
::1 - - [22/Jul/2021:16:05:22 +0000] "GET /api/v1/category/608046a9c74d281130ba5822 HTTP/1.1" 200 92 "-" "PostmanRuntime/7.26.8"
::1 - - [22/Jul/2021:16:07:11 +0000] "PUT /api/v1/category/608046a9c74d281130ba5822 HTTP/1.1" 200 92 "-" "PostmanRuntime/7.26.8"
::1 - - [22/Jul/2021:16:07:25 +0000] "GET /api/v1/category/608046a9c74d281130ba5822 HTTP/1.1" 200 101 "-" "PostmanRuntime/7.26.8"
::1 - - [22/Jul/2021:16:07:48 +0000] "PUT /api/v1/category/608046a9c74d281130ba5822 HTTP/1.1" 200 101 "-" "PostmanRuntime/7.26.8"
::1 - - [22/Jul/2021:16:09:16 +0000] "DELETE /api/v1/category/608046a9c74d281130ba5822 HTTP/1.1" 200 101 "-" "PostmanRuntime/7.26.8"
::1 - - [22/Jul/2021:16:09:30 +0000] "GET /api/v1/category/608046a9c74d281130ba5822 HTTP/1.1" 200 4 "-" "PostmanRuntime/7.26.8"
::1 - - [22/Jul/2021:16:11:25 +0000] "GET /api/v1/category/608046a9c74d281130ba5822 HTTP/1.1" 200 4 "-" "PostmanRuntime/7.26.8"
::1 - - [22/Jul/2021:16:13:08 +0000] "GET /api/v1/category/608046a9c74d281130ba5822 HTTP/1.1" 200 4 "-" "PostmanRuntime/7.26.8"
::1 - - [22/Jul/2021:16:13:53 +0000] "GET /api/v1/category/608046a9c74d281130ba5822 HTTP/1.1" 200 4 "-" "PostmanRuntime/7.26.8"
::1 - - [22/Jul/2021:16:15:07 +0000] "GET /api/v1/category/608046a9c74d281130ba5822 HTTP/1.1" 200 4 "-" "PostmanRuntime/7.26.8"
::1 - - [22/Jul/2021:16:15:25 +0000] "GET /api/v1/category/608046a9c74d281130ba5822 HTTP/1.1" 200 4 "-" "PostmanRuntime/7.26.8"
::1 - - [22/Jul/2021:16:15:46 +0000] "GET /api/v1/category/608046a9c74d281130ba5822 HTTP/1.1" 500 59 "-" "PostmanRuntime/7.26.8"
::1 - - [22/Jul/2021:16:16:13 +0000] "GET /api/v1/category/608046a9c74d281130ba5822 HTTP/1.1" 500 59 "-" "PostmanRuntime/7.26.8"
::1 - - [22/Jul/2021:16:20:34 +0000] "GET /api/v1/category HTTP/1.1" 200 193 "-" "PostmanRuntime/7.26.8"
::1 - - [22/Jul/2021:16:23:13 +0000] "PUT /api/v1/category/608046c2c74d281130ba5823 HTTP/1.1" 200 92 "-" "PostmanRuntime/7.26.8"
::1 - - [22/Jul/2021:16:24:14 +0000] "GET /api/v1/category/608046c2c74d281130ba5823 HTTP/1.1" 200 101 "-" "PostmanRuntime/7.26.8"
::1 - - [22/Jul/2021:16:25:04 +0000] "DELETE /api/v1/category/608046c2c74d281130ba5823 HTTP/1.1" 200 53 "-" "PostmanRuntime/7.26.8"
::1 - - [22/Jul/2021:16:25:23 +0000] "GET /api/v1/category/608046c2c74d281130ba5823 HTTP/1.1" 500 59 "-" "PostmanRuntime/7.26.8"
::1 - - [22/Jul/2021:16:50:02 +0000] "GET /api/v1/category HTTP/1.1" 200 141 "-" "PostmanRuntime/7.26.8"
::1 - - [22/Jul/2021:16:50:27 +0000] "GET /api/v1/category/60f9962e5c22d64df051c5b2 HTTP/1.1" 200 139 "-" "PostmanRuntime/7.26.8"
::1 - - [22/Jul/2021:16:50:57 +0000] "DELETE /api/v1/category/60f9962e5c22d64df051c5b2 HTTP/1.1" 200 53 "-" "PostmanRuntime/7.26.8"
::1 - - [22/Jul/2021:16:51:04 +0000] "GET /api/v1/category HTTP/1.1" 200 2 "-" "PostmanRuntime/7.26.8"
::1 - - [22/Jul/2021:16:51:15 +0000] "POST /api/v1/category/add HTTP/1.1" 200 113 "-" "PostmanRuntime/7.26.8"
::1 - - [22/Jul/2021:16:51:22 +0000] "POST /api/v1/category/add HTTP/1.1" 200 113 "-" "PostmanRuntime/7.26.8"
::1 - - [22/Jul/2021:16:51:27 +0000] "GET /api/v1/category HTTP/1.1" 200 229 "-" "PostmanRuntime/7.26.8"
::1 - - [22/Jul/2021:16:51:59 +0000] "PUT /api/v1/category/60f9962e5c22d64df051c5b2 HTTP/1.1" 400 31 "-" "PostmanRuntime/7.26.8"
::1 - - [22/Jul/2021:16:52:17 +0000] "PUT /api/v1/category/60f9962e5c22d64df051c5b2 HTTP/1.1" 400 31 "-" "PostmanRuntime/7.26.8"
::1 - - [22/Jul/2021:16:52:33 +0000] "PUT /api/v1/category/60f9a202b1f68b4b906484d9 HTTP/1.1" 200 113 "-" "PostmanRuntime/7.26.8"
::1 - - [22/Jul/2021:16:52:40 +0000] "GET /api/v1/category HTTP/1.1" 200 229 "-" "PostmanRuntime/7.26.8"
::1 - - [22/Jul/2021:16:53:21 +0000] "DELETE /api/v1/category/60f9a20ab1f68b4b906484da HTTP/1.1" 200 53 "-" "PostmanRuntime/7.26.8"
::1 - - [22/Jul/2021:16:53:25 +0000] "DELETE /api/v1/category/60f9a20ab1f68b4b906484da HTTP/1.1" 404 49 "-" "PostmanRuntime/7.26.8"
::1 - - [22/Jul/2021:16:53:45 +0000] "POST /api/v1/category/add HTTP/1.1" 200 113 "-" "PostmanRuntime/7.26.8"
::1 - - [22/Jul/2021:16:53:50 +0000] "GET /api/v1/category HTTP/1.1" 200 229 "-" "PostmanRuntime/7.26.8"
::1 - - [22/Jul/2021:16:56:23 +0000] "POST /api/v1/product/add HTTP/1.1" 500 2624 "-" "PostmanRuntime/7.26.8"
::1 - - [22/Jul/2021:16:57:29 +0000] "POST /api/v1/product/add HTTP/1.1" 200 217 "-" "PostmanRuntime/7.26.8"
::1 - - [22/Jul/2021:16:57:43 +0000] "GET /api/v1/product HTTP/1.1" 200 1581 "-" "PostmanRuntime/7.26.8"
::1 - - [22/Jul/2021:17:05:07 +0000] "POST /api/v1/product/add HTTP/1.1" 200 213 "-" "PostmanRuntime/7.26.8"
::1 - - [22/Jul/2021:17:05:19 +0000] "GET /api/v1/product HTTP/1.1" 200 1795 "-" "PostmanRuntime/7.26.8"
::1 - - [22/Jul/2021:17:05:52 +0000] "DELETE /api/v1/product/6080106f2e69403ffc191629 HTTP/1.1" 200 53 "-" "PostmanRuntime/7.26.8"
::1 - - [22/Jul/2021:17:07:16 +0000] "DELETE /api/v1/product/608011402e69403ffc19162a HTTP/1.1" 200 52 "-" "PostmanRuntime/7.26.8"
::1 - - [22/Jul/2021:17:07:21 +0000] "GET /api/v1/product HTTP/1.1" 200 1449 "-" "PostmanRuntime/7.26.8"
::1 - - [22/Jul/2021:17:08:01 +0000] "DELETE /api/v1/product/608011452e69403ffc19162b HTTP/1.1" 200 52 "-" "PostmanRuntime/7.26.8"
::1 - - [22/Jul/2021:17:08:10 +0000] "GET /api/v1/product HTTP/1.1" 200 1280 "-" "PostmanRuntime/7.26.8"
::1 - - [22/Jul/2021:17:08:23 +0000] "DELETE /api/v1/product/608011872e69403ffc19162c HTTP/1.1" 200 52 "-" "PostmanRuntime/7.26.8"
::1 - - [22/Jul/2021:17:08:28 +0000] "GET /api/v1/product HTTP/1.1" 200 1111 "-" "PostmanRuntime/7.26.8"
::1 - - [22/Jul/2021:17:08:47 +0000] "DELETE /api/v1/product/608011922e69403ffc19162d HTTP/1.1" 200 52 "-" "PostmanRuntime/7.26.8"
::1 - - [22/Jul/2021:17:09:06 +0000] "DELETE /api/v1/product/60803f6c3b24633340dd384c HTTP/1.1" 200 52 "-" "PostmanRuntime/7.26.8"
::1 - - [22/Jul/2021:17:09:23 +0000] "DELETE /api/v1/product/60803f783b24633340dd384d HTTP/1.1" 200 52 "-" "PostmanRuntime/7.26.8"
::1 - - [22/Jul/2021:17:09:45 +0000] "DELETE /api/v1/product/60804547d7b7922eecb16575 HTTP/1.1" 200 52 "-" "PostmanRuntime/7.26.8"
::1 - - [22/Jul/2021:17:09:50 +0000] "GET /api/v1/product HTTP/1.1" 200 433 "-" "PostmanRuntime/7.26.8"
::1 - - [22/Jul/2021:17:12:21 +0000] "PUT /api/v1/product/60f9a375ab32194c280488eb HTTP/1.1" 200 217 "-" "PostmanRuntime/7.26.8"
::1 - - [22/Jul/2021:17:12:29 +0000] "GET /api/v1/product HTTP/1.1" 200 451 "-" "PostmanRuntime/7.26.8"
